<?xml version="1.0" encoding="UTF-8"?>
<!-- Generated by org.testng.reporters.JUnitReportReporter -->
<testsuite hostname="WINDOWS-8IK2BST" failures="0" tests="3" name="ds_algo_Test.registerPageTest" time="3.350" errors="0" timestamp="2022-10-26T00:12:50 IST" skipped="0">
  <testcase classname="ds_algo_Test.registerPageTest" name="registerClick" time="1.367"/>
  <system-out/>
  <testcase classname="ds_algo_Test.registerPageTest" name="regPassMismatch" time="1.069"/>
  <system-out/>
  <testcase classname="ds_algo_Test.registerPageTest" name="regPassEmpty" time="0.914"/>
  <system-out/>
</testsuite> <!-- ds_algo_Test.registerPageTest -->
