<?xml version="1.0" encoding="UTF-8"?>
<!-- Generated by org.testng.reporters.JUnitReportReporter -->
<testsuite hostname="WINDOWS-8IK2BST" failures="0" tests="1" name="ds_algo_Test.signInPageTest" time="1.082" errors="0" timestamp="2022-10-25T21:56:54 IST" skipped="0">
  <testcase classname="ds_algo_Test.signInPageTest" name="signInClick" time="1.082"/>
  <system-out/>
</testsuite> <!-- ds_algo_Test.signInPageTest -->
