<?xml version="1.0" encoding="UTF-8"?>
<!-- Generated by org.testng.reporters.JUnitReportReporter -->
<testsuite hostname="WINDOWS-8IK2BST" failures="0" tests="1" name="ds_algo_Test.homeTest" time="0.346" errors="0" timestamp="2022-10-12T01:25:30 IST" skipped="0">
  <testcase classname="ds_algo_Test.homeTest" name="clickGetStarted" time="0.346"/>
  <system-out/>
</testsuite> <!-- ds_algo_Test.homeTest -->
