<?xml version="1.0" encoding="UTF-8"?>
<!-- Generated by org.testng.reporters.JUnitReportReporter -->
<testsuite hostname="WINDOWS-8IK2BST" failures="0" tests="1" name="ds_algo_Test.linkedListPageTest" time="7.594" errors="0" timestamp="2022-10-26T00:12:50 IST" skipped="0">
  <testcase classname="ds_algo_Test.linkedListPageTest" name="LList" time="7.594"/>
  <system-out/>
</testsuite> <!-- ds_algo_Test.linkedListPageTest -->
