<?xml version="1.0" encoding="UTF-8"?>
<!-- Generated by org.testng.reporters.JUnitReportReporter -->
<testsuite hostname="WINDOWS-8IK2BST" failures="0" tests="1" name="ds_algo_Test.singInPageTest" time="1.275" errors="0" timestamp="2022-10-13T19:57:22 IST" skipped="0">
  <testcase classname="ds_algo_Test.singInPageTest" name="signInClick" time="1.275"/>
  <system-out/>
</testsuite> <!-- ds_algo_Test.singInPageTest -->
