<?xml version="1.0" encoding="UTF-8"?>
<!-- Generated by org.testng.reporters.JUnitReportReporter -->
<testsuite hostname="WINDOWS-8IK2BST" failures="0" tests="1" name="ds_algo_Test.datastructuresTest" time="2.216" errors="0" timestamp="2022-10-26T00:12:50 IST" skipped="0">
  <testcase classname="ds_algo_Test.datastructuresTest" name="dsButton" time="2.216"/>
  <system-out/>
</testsuite> <!-- ds_algo_Test.datastructuresTest -->
