<?xml version="1.0" encoding="UTF-8"?>
<!-- Generated by org.testng.reporters.JUnitReportReporter -->
<testsuite hostname="WINDOWS-8IK2BST" failures="0" tests="1" name="ds_algo_Test.arrayPageTest" time="9.592" errors="0" timestamp="2022-10-26T00:12:50 IST" skipped="0">
  <testcase classname="ds_algo_Test.arrayPageTest" name="arrayBtn" time="9.592"/>
  <system-out/>
</testsuite> <!-- ds_algo_Test.arrayPageTest -->
