<?xml version="1.0" encoding="UTF-8"?>
<!-- Generated by org.testng.reporters.JUnitReportReporter -->
<testsuite hostname="WINDOWS-8IK2BST" failures="0" tests="1" name="ds_algo_Test.landingPageTest" time="1.174" errors="0" timestamp="2022-10-12T10:18:09 IST" skipped="0">
  <testcase classname="ds_algo_Test.landingPageTest" name="registerClick" time="1.174"/>
  <system-out/>
</testsuite> <!-- ds_algo_Test.landingPageTest -->
